1: Homer entered store
2: Marge entered store
3: Bart entered store
4: Maggie entered store
5: Lisa entered store
7: Lisa done shopping
7: Lisa started checkout with checker 0
8: Maggie done shopping
9: Bart done shopping
10: Marge done shopping
11: Homer done shopping
14: Lisa stole $250 and 1 item from checker 0
19: Maggie started checkout with checker 0
21: Maggie paid $6 for 2 items to checker 0
21: Bart started checkout with checker 0
24: Bart paid $9 for 3 items to checker 0
24: Marge started checkout with checker 0
28: Marge paid $12 for 4 items to checker 0
28: Homer started checkout with checker 0
33: Homer paid $15 for 5 items to checker 0
registers[0] = $42
time = 34
